<?xml version="1.0" encoding="UTF-8"?>
<testsuite name="com.jonathanv.runners.EliminarProductoRunner" tests="0" skipped="0" failures="0" errors="0" timestamp="1970-01-01T00:00:00" hostname="DESKTOP-UV7T854" time="0.0">
  <properties/>
  <system-out><![CDATA[Característica: Eliminar producto
    Yo como usuario de Saucedemo
    Quiero eliminar productos del carrito
    Para cancelar la compra

  Escenario: Eliminar producto del carrito                                        ?[90m# src/test/resources/features/eliminar_productos.feature:10?[0m
    ?[32mDado ?[0m?[32mque el usuario se encuentra en la pagina de soucelabs?[0m                    ?[90m# EliminarProductoStepDefinition.queElUsuarioSeEncuentraEnLaPaginaDeSoucelabs(String,String>)?[0m
    ?[32mCuando ?[0m?[32mel usuario agrega un producto al carrito el producto Sauce Labs Onesie?[0m ?[90m# EliminarProductoStepDefinition.agregaAlCarrtioSauceLabsOnesie()?[0m
    ?[32mEntonces ?[0m?[32mel usuario podra eliminar el producto del carrito?[0m                    ?[90m# EliminarProductoStepDefinition.elUsuarioPuedeEliminarProductoDelCarrito()?[0m

1 Scenarios (?[32m1 passed?[0m)
3 Steps (?[32m3 passed?[0m)
0m12,152s

]]></system-out>
  <system-err><![CDATA[[Test worker] INFO net.thucydides.core.steps.ConsoleLoggingListener - ?[96m

-------------------------------------------------------------------------------------
     _______. _______ .______       _______ .__   __.  __  .___________.____    ____ 
    /       ||   ____||   _  \     |   ____||  \ |  | |  | |           |\   \  /   / 
   |   (----`|  |__   |  |_)  |    |  |__   |   \|  | |  | `---|  |----` \   \/   /  
    \   \    |   __|  |      /     |   __|  |  . `  | |  |     |  |       \_    _/   
.----)   |   |  |____ |  |\  \----.|  |____ |  |\   | |  |     |  |         |  |     
|_______/    |_______|| _| `._____||_______||__| \__| |__|     |__|         |__|    
                                                                                     
 News and tutorials at http://www.serenity-bdd.info                                  
 Documentation at https://wakaleo.gitbooks.io/the-serenity-book/content/             
 Join the Serenity Community on Rocket Chat at https://serenity-bdd.rocket.chat      
 Serenity BDD Support and Training at http://serenity-bdd.info/#/trainingandsupport  
 Learn Serenity BDD online at http://serenity-dojo.com                               
-------------------------------------------------------------------------------------
?[0m
[Test worker] INFO net.thucydides.core.steps.ConsoleLoggingListener - Test Suite Started: Eliminar producto
[Test worker] INFO net.thucydides.core.steps.ConsoleLoggingListener - ?[92m
        __    _____ _____ ____ _____   ____   _    ____  ____  _____ ____  
  _     \ \  |_   _| ____/ ___|_   _| |  _ \ / \  / ___|/ ___|| ____|  _ \ 
 (_)_____| |   | | |  _| \___ \ | |   | |_) / _ \ \___ \\___ \|  _| | | | |
  _|_____| |   | | | |___ ___) || |   |  __/ ___ \ ___) |___) | |___| |_| |
 (_)     | |   |_| |_____|____/ |_|   |_| /_/   \_\____/|____/|_____|____/ 
        /_/                                                                

TEST PASSED: Eliminar producto del carrito
----------------------------------------------------------------------------?[0m
]]></system-err>
</testsuite>
