<?xml version="1.0" encoding="UTF-8"?>
<testsuite name="com.jonathanv.runners.OrdenarProductoRunner" tests="0" skipped="0" failures="0" errors="0" timestamp="1970-01-01T00:00:00" hostname="DESKTOP-UV7T854" time="0.0">
  <properties/>
  <system-out><![CDATA[Característica: Ordenar producto
  Yo como usuario de Saucedemo
  Quiero ordernar los productos de la pagina
  Para seleccionar los productos organizados por precio

  Escenario: Ordernar productos de mayor a menor precio                    ?[90m# src/test/resources/features/ordenar_productos.feature:10?[0m
    ?[32mDado ?[0m?[32mque el usuario ingresa a la pagina de soucelabs?[0m                   ?[90m# OrdenarProductoStepDefinition.queElUsuarioIngresaALaPaginaDeSoucelabs(String,String>)?[0m
    ?[32mCuando ?[0m?[32mel usuario ordena los productos de mayor a menor precio?[0m         ?[90m# OrdenarProductoStepDefinition.elUsuarioOrdernaLosProductosDescendentemente()?[0m
    ?[32mEntonces ?[0m?[32mel usuario debe visualizar los productos en orden descendente?[0m ?[90m# OrdenarProductoStepDefinition.elUsuarioVisualizaLosProductosDescendentemente()?[0m

1 Scenarios (?[32m1 passed?[0m)
3 Steps (?[32m3 passed?[0m)
0m4,286s

]]></system-out>
  <system-err><![CDATA[[Test worker] INFO net.thucydides.core.steps.ConsoleLoggingListener - Test Suite Started: Ordenar producto
[Test worker] INFO net.thucydides.core.steps.ConsoleLoggingListener - ?[92m
        __    _____ _____ ____ _____   ____   _    ____  ____  _____ ____  
  _     \ \  |_   _| ____/ ___|_   _| |  _ \ / \  / ___|/ ___|| ____|  _ \ 
 (_)_____| |   | | |  _| \___ \ | |   | |_) / _ \ \___ \\___ \|  _| | | | |
  _|_____| |   | | | |___ ___) || |   |  __/ ___ \ ___) |___) | |___| |_| |
 (_)     | |   |_| |_____|____/ |_|   |_| /_/   \_\____/|____/|_____|____/ 
        /_/                                                                

TEST PASSED: Ordernar productos de mayor a menor precio
----------------------------------------------------------------------------?[0m
]]></system-err>
</testsuite>
